<?xml version="1.0" encoding="UTF-8"?>
<!-- Generated by org.testng.reporters.JUnitReportReporter -->
<testsuite hostname="home-PC" failures="0" tests="3" name="com.demo.CrossTesting" time="309.988" errors="0" timestamp="2023-08-02T14:04:55 IST" skipped="0">
  <testcase classname="com.demo.CrossTesting" name="tc1" time="51.910"/>
  <testcase classname="com.demo.CrossTesting" name="tc1" time="137.083"/>
  <testcase classname="com.demo.CrossTesting" name="tc1" time="120.995"/>
</testsuite> <!-- com.demo.CrossTesting -->
