<?xml version="1.0" encoding="UTF-8"?>
<!-- Generated by org.testng.reporters.JUnitReportReporter -->
<testsuite hostname="home-PC" failures="0" tests="1" name="org.base.Demo" time="26.693" errors="0" timestamp="2023-08-07T15:09:57 IST" skipped="0">
  <testcase classname="org.base.Demo" name="tc1" time="26.693"/>
</testsuite> <!-- org.base.Demo -->
